<?xml version="1.0" encoding="UTF-8"?>
<testsuite xmlns:xsi="http://www.w3.org/2001/XMLSchema-instance" xsi:noNamespaceSchemaLocation="https://maven.apache.org/surefire/maven-surefire-plugin/xsd/surefire-test-report.xsd" name="HospitalTest" time="0.063" tests="24" errors="24" skipped="0" failures="0">
  <properties>
[...]
</properties>
  <testcase name="realizarPagamentoMedicoNuloSemExcecao" classname="HospitalTest" time="0.02">
    <error message="Uncompilable source code - Erroneous ctor sym type: com.sptech.atividade.com.testes.Hospital.&lt;init&gt;" type="java.lang.RuntimeException"><![CDATA[java.lang.RuntimeException: Uncompilable source code - Erroneous ctor sym type: com.sptech.atividade.com.testes.Hospital.<init>
	at HospitalTest.init(HospitalTest.java:27)
]]></error>
  </testcase>
  <testcase name="realizarPagamentoMedicoNulo" classname="HospitalTest" time="0.001">
    <error message="Uncompilable source code - Erroneous ctor sym type: com.sptech.atividade.com.testes.Hospital.&lt;init&gt;" type="java.lang.RuntimeException"><![CDATA[java.lang.RuntimeException: Uncompilable source code - Erroneous ctor sym type: com.sptech.atividade.com.testes.Hospital.<init>
	at HospitalTest.init(HospitalTest.java:27)
]]></error>
  </testcase>
  <testcase name="realizarPagamentoMedicoInativo" classname="HospitalTest" time="0.001">
    <error message="Uncompilable source code - Erroneous ctor sym type: com.sptech.atividade.com.testes.Hospital.&lt;init&gt;" type="java.lang.RuntimeException"><![CDATA[java.lang.RuntimeException: Uncompilable source code - Erroneous ctor sym type: com.sptech.atividade.com.testes.Hospital.<init>
	at HospitalTest.init(HospitalTest.java:27)
]]></error>
  </testcase>
  <testcase name="construtorHospital" classname="HospitalTest" time="0.002">
    <error message="Uncompilable source code - Erroneous ctor sym type: com.sptech.atividade.com.testes.Hospital.&lt;init&gt;" type="java.lang.RuntimeException"><![CDATA[java.lang.RuntimeException: Uncompilable source code - Erroneous ctor sym type: com.sptech.atividade.com.testes.Hospital.<init>
	at HospitalTest.init(HospitalTest.java:27)
]]></error>
  </testcase>
  <testcase name="realizarPagamentoHoraExtraMedicoNulo" classname="HospitalTest" time="0.001">
    <error message="Uncompilable source code - Erroneous ctor sym type: com.sptech.atividade.com.testes.Hospital.&lt;init&gt;" type="java.lang.RuntimeException"><![CDATA[java.lang.RuntimeException: Uncompilable source code - Erroneous ctor sym type: com.sptech.atividade.com.testes.Hospital.<init>
	at HospitalTest.init(HospitalTest.java:27)
]]></error>
  </testcase>
  <testcase name="classeHospitalGettersESetters" classname="HospitalTest" time="0.001">
    <error message="Uncompilable source code - Erroneous ctor sym type: com.sptech.atividade.com.testes.Hospital.&lt;init&gt;" type="java.lang.RuntimeException"><![CDATA[java.lang.RuntimeException: Uncompilable source code - Erroneous ctor sym type: com.sptech.atividade.com.testes.Hospital.<init>
	at HospitalTest.init(HospitalTest.java:27)
]]></error>
  </testcase>
  <testcase name="realizarPagamentoValorValido" classname="HospitalTest" time="0.001">
    <error message="Uncompilable source code - Erroneous ctor sym type: com.sptech.atividade.com.testes.Hospital.&lt;init&gt;" type="java.lang.RuntimeException"><![CDATA[java.lang.RuntimeException: Uncompilable source code - Erroneous ctor sym type: com.sptech.atividade.com.testes.Hospital.<init>
	at HospitalTest.init(HospitalTest.java:27)
]]></error>
  </testcase>
  <testcase name="classeMedicoAtributosPrivados" classname="HospitalTest" time="0.001">
    <error message="Uncompilable source code - Erroneous ctor sym type: com.sptech.atividade.com.testes.Hospital.&lt;init&gt;" type="java.lang.RuntimeException"><![CDATA[java.lang.RuntimeException: Uncompilable source code - Erroneous ctor sym type: com.sptech.atividade.com.testes.Hospital.<init>
	at HospitalTest.init(HospitalTest.java:27)
]]></error>
  </testcase>
  <testcase name="realizarPagamentoHoraExtraValorInvalido" classname="HospitalTest" time="0.001">
    <error message="Uncompilable source code - Erroneous ctor sym type: com.sptech.atividade.com.testes.Hospital.&lt;init&gt;" type="java.lang.RuntimeException"><![CDATA[java.lang.RuntimeException: Uncompilable source code - Erroneous ctor sym type: com.sptech.atividade.com.testes.Hospital.<init>
	at HospitalTest.init(HospitalTest.java:27)
]]></error>
  </testcase>
  <testcase name="desligarMedicoInvalido" classname="HospitalTest" time="0.001">
    <error message="Uncompilable source code - Erroneous ctor sym type: com.sptech.atividade.com.testes.Hospital.&lt;init&gt;" type="java.lang.RuntimeException"><![CDATA[java.lang.RuntimeException: Uncompilable source code - Erroneous ctor sym type: com.sptech.atividade.com.testes.Hospital.<init>
	at HospitalTest.init(HospitalTest.java:27)
]]></error>
  </testcase>
  <testcase name="realizarPagamentoHoraExtraNull" classname="HospitalTest" time="0.001">
    <error message="Uncompilable source code - Erroneous ctor sym type: com.sptech.atividade.com.testes.Hospital.&lt;init&gt;" type="java.lang.RuntimeException"><![CDATA[java.lang.RuntimeException: Uncompilable source code - Erroneous ctor sym type: com.sptech.atividade.com.testes.Hospital.<init>
	at HospitalTest.init(HospitalTest.java:27)
]]></error>
  </testcase>
  <testcase name="realizarPagamentoHoraExtraNegativa" classname="HospitalTest" time="0.001">
    <error message="Uncompilable source code - Erroneous ctor sym type: com.sptech.atividade.com.testes.Hospital.&lt;init&gt;" type="java.lang.RuntimeException"><![CDATA[java.lang.RuntimeException: Uncompilable source code - Erroneous ctor sym type: com.sptech.atividade.com.testes.Hospital.<init>
	at HospitalTest.init(HospitalTest.java:27)
]]></error>
  </testcase>
  <testcase name="realizarPagamentoHoraExtraMedicoNuloSemExcecao" classname="HospitalTest" time="0.001">
    <error message="Uncompilable source code - Erroneous ctor sym type: com.sptech.atividade.com.testes.Hospital.&lt;init&gt;" type="java.lang.RuntimeException"><![CDATA[java.lang.RuntimeException: Uncompilable source code - Erroneous ctor sym type: com.sptech.atividade.com.testes.Hospital.<init>
	at HospitalTest.init(HospitalTest.java:27)
]]></error>
  </testcase>
  <testcase name="construtorMedico" classname="HospitalTest" time="0.002">
    <error message="Uncompilable source code - Erroneous ctor sym type: com.sptech.atividade.com.testes.Hospital.&lt;init&gt;" type="java.lang.RuntimeException"><![CDATA[java.lang.RuntimeException: Uncompilable source code - Erroneous ctor sym type: com.sptech.atividade.com.testes.Hospital.<init>
	at HospitalTest.init(HospitalTest.java:27)
]]></error>
  </testcase>
  <testcase name="realizarPagamentoHoraExtraValorValido" classname="HospitalTest" time="0.001">
    <error message="Uncompilable source code - Erroneous ctor sym type: com.sptech.atividade.com.testes.Hospital.&lt;init&gt;" type="java.lang.RuntimeException"><![CDATA[java.lang.RuntimeException: Uncompilable source code - Erroneous ctor sym type: com.sptech.atividade.com.testes.Hospital.<init>
	at HospitalTest.init(HospitalTest.java:27)
]]></error>
  </testcase>
  <testcase name="classeHospitalAtributosPrivados" classname="HospitalTest" time="0.001">
    <error message="Uncompilable source code - Erroneous ctor sym type: com.sptech.atividade.com.testes.Hospital.&lt;init&gt;" type="java.lang.RuntimeException"><![CDATA[java.lang.RuntimeException: Uncompilable source code - Erroneous ctor sym type: com.sptech.atividade.com.testes.Hospital.<init>
	at HospitalTest.init(HospitalTest.java:27)
]]></error>
  </testcase>
  <testcase name="realizarPagamentoValorInvalido" classname="HospitalTest" time="0.001">
    <error message="Uncompilable source code - Erroneous ctor sym type: com.sptech.atividade.com.testes.Hospital.&lt;init&gt;" type="java.lang.RuntimeException"><![CDATA[java.lang.RuntimeException: Uncompilable source code - Erroneous ctor sym type: com.sptech.atividade.com.testes.Hospital.<init>
	at HospitalTest.init(HospitalTest.java:27)
]]></error>
  </testcase>
  <testcase name="realizarPagamentoValorNulo" classname="HospitalTest" time="0.001">
    <error message="Uncompilable source code - Erroneous ctor sym type: com.sptech.atividade.com.testes.Hospital.&lt;init&gt;" type="java.lang.RuntimeException"><![CDATA[java.lang.RuntimeException: Uncompilable source code - Erroneous ctor sym type: com.sptech.atividade.com.testes.Hospital.<init>
	at HospitalTest.init(HospitalTest.java:27)
]]></error>
  </testcase>
  <testcase name="realizarPagamentoHoraExtraMedicoInativo" classname="HospitalTest" time="0.002">
    <error message="Uncompilable source code - Erroneous ctor sym type: com.sptech.atividade.com.testes.Hospital.&lt;init&gt;" type="java.lang.RuntimeException"><![CDATA[java.lang.RuntimeException: Uncompilable source code - Erroneous ctor sym type: com.sptech.atividade.com.testes.Hospital.<init>
	at HospitalTest.init(HospitalTest.java:27)
]]></error>
  </testcase>
  <testcase name="classeMedicoMetodosPublicos" classname="HospitalTest" time="0.001">
    <error message="Uncompilable source code - Erroneous ctor sym type: com.sptech.atividade.com.testes.Hospital.&lt;init&gt;" type="java.lang.RuntimeException"><![CDATA[java.lang.RuntimeException: Uncompilable source code - Erroneous ctor sym type: com.sptech.atividade.com.testes.Hospital.<init>
	at HospitalTest.init(HospitalTest.java:27)
]]></error>
  </testcase>
  <testcase name="classeMedicoGettersESetters" classname="HospitalTest" time="0.001">
    <error message="Uncompilable source code - Erroneous ctor sym type: com.sptech.atividade.com.testes.Hospital.&lt;init&gt;" type="java.lang.RuntimeException"><![CDATA[java.lang.RuntimeException: Uncompilable source code - Erroneous ctor sym type: com.sptech.atividade.com.testes.Hospital.<init>
	at HospitalTest.init(HospitalTest.java:27)
]]></error>
  </testcase>
  <testcase name="classeHospitalaMetodosPublicos" classname="HospitalTest" time="0.001">
    <error message="Uncompilable source code - Erroneous ctor sym type: com.sptech.atividade.com.testes.Hospital.&lt;init&gt;" type="java.lang.RuntimeException"><![CDATA[java.lang.RuntimeException: Uncompilable source code - Erroneous ctor sym type: com.sptech.atividade.com.testes.Hospital.<init>
	at HospitalTest.init(HospitalTest.java:27)
]]></error>
  </testcase>
  <testcase name="desligarMedicoValido" classname="HospitalTest" time="0.001">
    <error message="Uncompilable source code - Erroneous ctor sym type: com.sptech.atividade.com.testes.Hospital.&lt;init&gt;" type="java.lang.RuntimeException"><![CDATA[java.lang.RuntimeException: Uncompilable source code - Erroneous ctor sym type: com.sptech.atividade.com.testes.Hospital.<init>
	at HospitalTest.init(HospitalTest.java:27)
]]></error>
  </testcase>
  <testcase name="realizarPagamentoValorNuloSemExcecao" classname="HospitalTest" time="0.001">
    <error message="Uncompilable source code - Erroneous ctor sym type: com.sptech.atividade.com.testes.Hospital.&lt;init&gt;" type="java.lang.RuntimeException"><![CDATA[java.lang.RuntimeException: Uncompilable source code - Erroneous ctor sym type: com.sptech.atividade.com.testes.Hospital.<init>
	at HospitalTest.init(HospitalTest.java:27)
]]></error>
  </testcase>
</testsuite>