<?xml version="1.0" encoding="UTF-8"?>
<testsuite xmlns:xsi="http://www.w3.org/2001/XMLSchema-instance" xsi:noNamespaceSchemaLocation="https://maven.apache.org/surefire/maven-surefire-plugin/xsd/surefire-test-report.xsd" name="school.sptech.desafio.mariaeduarda.neves.poo.RecursosHumanosTest" time="0.046" tests="13" errors="0" skipped="0" failures="0">
  <properties>
[...]
</properties>
  <testcase name="reajustarSalarioComValorValido" classname="school.sptech.desafio.mariaeduarda.neves.poo.RecursosHumanosTest" time="0.009"/>
  <testcase name="reajustarSalarioComValorZerado" classname="school.sptech.desafio.mariaeduarda.neves.poo.RecursosHumanosTest" time="0"/>
  <testcase name="reajustarSalarioComValorNegativo" classname="school.sptech.desafio.mariaeduarda.neves.poo.RecursosHumanosTest" time="0.001"/>
  <testcase name="promoverColaboradorComValoresInvalidos" classname="school.sptech.desafio.mariaeduarda.neves.poo.RecursosHumanosTest" time="0"/>
  <testcase name="reajustarSalarioComPorcentagemNulo" classname="school.sptech.desafio.mariaeduarda.neves.poo.RecursosHumanosTest" time="0.001"/>
  <testcase name="promoverColaboradorComValoresValidos" classname="school.sptech.desafio.mariaeduarda.neves.poo.RecursosHumanosTest" time="0.001"/>
  <testcase name="promoverColaboradorComColaboradorNulo" classname="school.sptech.desafio.mariaeduarda.neves.poo.RecursosHumanosTest" time="0.001"/>
  <testcase name="promoverColaboradorComSalarioNulo" classname="school.sptech.desafio.mariaeduarda.neves.poo.RecursosHumanosTest" time="0.001"/>
  <testcase name="getQuantidadeReajusteNaoDeveSofrerAlteracoes" classname="school.sptech.desafio.mariaeduarda.neves.poo.RecursosHumanosTest" time="0.001"/>
  <testcase name="getQuantidadeReajusteInicialmente" classname="school.sptech.desafio.mariaeduarda.neves.poo.RecursosHumanosTest" time="0"/>
  <testcase name="getQuantidadePromovidosInicialmente" classname="school.sptech.desafio.mariaeduarda.neves.poo.RecursosHumanosTest" time="0"/>
  <testcase name="reajustarSalarioComColaboradorNulo" classname="school.sptech.desafio.mariaeduarda.neves.poo.RecursosHumanosTest" time="0.001"/>
  <testcase name="promoverColaboradorComCargoNulo" classname="school.sptech.desafio.mariaeduarda.neves.poo.RecursosHumanosTest" time="0.001"/>
</testsuite>