<?xml version="1.0" encoding="UTF-8"?>
<testsuite xmlns:xsi="http://www.w3.org/2001/XMLSchema-instance" xsi:noNamespaceSchemaLocation="https://maven.apache.org/surefire/maven-surefire-plugin/xsd/surefire-test-report.xsd" name="school.sptech.desafio.nome.sobrenome.poo.RecursosHumanosTest" time="0.042" tests="13" errors="13" skipped="0" failures="0">
  <properties>
[...]
</properties>
  <testcase name="reajustarSalarioComValorValido" classname="school.sptech.desafio.nome.sobrenome.poo.RecursosHumanosTest" time="0.017">
    <error message="Uncompilable source code - Erroneous tree type: Colaborador" type="java.lang.RuntimeException">java.lang.RuntimeException: Uncompilable source code - Erroneous tree type: Colaborador
	at school.sptech.desafio.nome.sobrenome.poo.RecursosHumanosTest.reajustarSalarioComValorValido(RecursosHumanosTest.java:135)
</error>
  </testcase>
  <testcase name="reajustarSalarioComValorZerado" classname="school.sptech.desafio.nome.sobrenome.poo.RecursosHumanosTest" time="0">
    <error message="Uncompilable source code - Erroneous tree type: Colaborador" type="java.lang.RuntimeException">java.lang.RuntimeException: Uncompilable source code - Erroneous tree type: Colaborador
	at school.sptech.desafio.nome.sobrenome.poo.RecursosHumanosTest.reajustarSalarioComValorZerado(RecursosHumanosTest.java:120)
</error>
  </testcase>
  <testcase name="reajustarSalarioComValorNegativo" classname="school.sptech.desafio.nome.sobrenome.poo.RecursosHumanosTest" time="0.001">
    <error message="Uncompilable source code - Erroneous tree type: Colaborador" type="java.lang.RuntimeException">java.lang.RuntimeException: Uncompilable source code - Erroneous tree type: Colaborador
	at school.sptech.desafio.nome.sobrenome.poo.RecursosHumanosTest.reajustarSalarioComValorNegativo(RecursosHumanosTest.java:105)
</error>
  </testcase>
  <testcase name="promoverColaboradorComValoresInvalidos" classname="school.sptech.desafio.nome.sobrenome.poo.RecursosHumanosTest" time="0.001">
    <error message="Uncompilable source code - Erroneous tree type: Colaborador" type="java.lang.RuntimeException">java.lang.RuntimeException: Uncompilable source code - Erroneous tree type: Colaborador
	at school.sptech.desafio.nome.sobrenome.poo.RecursosHumanosTest.promoverColaboradorComValoresInvalidos(RecursosHumanosTest.java:55)
</error>
  </testcase>
  <testcase name="reajustarSalarioComPorcentagemNulo" classname="school.sptech.desafio.nome.sobrenome.poo.RecursosHumanosTest" time="0.002">
    <error message="Uncompilable source code - Erroneous tree type: RecursosHumanos" type="java.lang.RuntimeException">java.lang.RuntimeException: Uncompilable source code - Erroneous tree type: RecursosHumanos
	at school.sptech.desafio.nome.sobrenome.poo.RecursosHumanosTest.reajustarSalarioComPorcentagemNulo(RecursosHumanosTest.java:85)
</error>
  </testcase>
  <testcase name="promoverColaboradorComValoresValidos" classname="school.sptech.desafio.nome.sobrenome.poo.RecursosHumanosTest" time="0.001">
    <error message="Uncompilable source code - Erroneous tree type: Colaborador" type="java.lang.RuntimeException">java.lang.RuntimeException: Uncompilable source code - Erroneous tree type: Colaborador
	at school.sptech.desafio.nome.sobrenome.poo.RecursosHumanosTest.promoverColaboradorComValoresValidos(RecursosHumanosTest.java:69)
</error>
  </testcase>
  <testcase name="promoverColaboradorComColaboradorNulo" classname="school.sptech.desafio.nome.sobrenome.poo.RecursosHumanosTest" time="0.001">
    <error message="Uncompilable source code - Erroneous tree type: RecursosHumanos" type="java.lang.RuntimeException">java.lang.RuntimeException: Uncompilable source code - Erroneous tree type: RecursosHumanos
	at school.sptech.desafio.nome.sobrenome.poo.RecursosHumanosTest.promoverColaboradorComColaboradorNulo(RecursosHumanosTest.java:18)
</error>
  </testcase>
  <testcase name="promoverColaboradorComSalarioNulo" classname="school.sptech.desafio.nome.sobrenome.poo.RecursosHumanosTest" time="0.002">
    <error message="Uncompilable source code - Erroneous tree type: Colaborador" type="java.lang.RuntimeException">java.lang.RuntimeException: Uncompilable source code - Erroneous tree type: Colaborador
	at school.sptech.desafio.nome.sobrenome.poo.RecursosHumanosTest.promoverColaboradorComSalarioNulo(RecursosHumanosTest.java:27)
</error>
  </testcase>
  <testcase name="getQuantidadeReajusteNaoDeveSofrerAlteracoes" classname="school.sptech.desafio.nome.sobrenome.poo.RecursosHumanosTest" time="0.001">
    <error message="Uncompilable source code - Erroneous tree type: Colaborador" type="java.lang.RuntimeException">java.lang.RuntimeException: Uncompilable source code - Erroneous tree type: Colaborador
	at school.sptech.desafio.nome.sobrenome.poo.RecursosHumanosTest.getQuantidadeReajusteNaoDeveSofrerAlteracoes(RecursosHumanosTest.java:150)
</error>
  </testcase>
  <testcase name="getQuantidadeReajusteInicialmente" classname="school.sptech.desafio.nome.sobrenome.poo.RecursosHumanosTest" time="0.001">
    <error message="Uncompilable source code - Erroneous tree type: RecursosHumanos" type="java.lang.RuntimeException">java.lang.RuntimeException: Uncompilable source code - Erroneous tree type: RecursosHumanos
	at school.sptech.desafio.nome.sobrenome.poo.RecursosHumanosTest.getQuantidadeReajusteInicialmente(RecursosHumanosTest.java:172)
</error>
  </testcase>
  <testcase name="getQuantidadePromovidosInicialmente" classname="school.sptech.desafio.nome.sobrenome.poo.RecursosHumanosTest" time="0.001">
    <error message="Uncompilable source code - Erroneous tree type: RecursosHumanos" type="java.lang.RuntimeException">java.lang.RuntimeException: Uncompilable source code - Erroneous tree type: RecursosHumanos
	at school.sptech.desafio.nome.sobrenome.poo.RecursosHumanosTest.getQuantidadePromovidosInicialmente(RecursosHumanosTest.java:181)
</error>
  </testcase>
  <testcase name="reajustarSalarioComColaboradorNulo" classname="school.sptech.desafio.nome.sobrenome.poo.RecursosHumanosTest" time="0.001">
    <error message="Uncompilable source code - Erroneous tree type: RecursosHumanos" type="java.lang.RuntimeException">java.lang.RuntimeException: Uncompilable source code - Erroneous tree type: RecursosHumanos
	at school.sptech.desafio.nome.sobrenome.poo.RecursosHumanosTest.reajustarSalarioComColaboradorNulo(RecursosHumanosTest.java:96)
</error>
  </testcase>
  <testcase name="promoverColaboradorComCargoNulo" classname="school.sptech.desafio.nome.sobrenome.poo.RecursosHumanosTest" time="0.002">
    <error message="Uncompilable source code - Erroneous tree type: Colaborador" type="java.lang.RuntimeException">java.lang.RuntimeException: Uncompilable source code - Erroneous tree type: Colaborador
	at school.sptech.desafio.nome.sobrenome.poo.RecursosHumanosTest.promoverColaboradorComCargoNulo(RecursosHumanosTest.java:41)
</error>
  </testcase>
</testsuite>